<?xml version="1.0" encoding="UTF-8" standalone="no"?>
<!DOCTYPE log SYSTEM "logger.dtd">
<log>
<record>
  <date>2018-02-07T16:07:27.482-0300</date>
  <logger>ANDRE ROSA MATOS</logger>
  <level>FINE</level>
  <message>File 116110214-ANDRE ROSA MATOS.zip was received. It was sent by ANDRE ROSA MATOS from IP 150.165.42.149</message>
</record>
</log>
<?xml version="1.0" encoding="UTF-8" standalone="no"?>
<!DOCTYPE log SYSTEM "logger.dtd">
<log>
<record>
  <date>2018-02-07T18:02:35.228-0300</date>
  <logger>ANDRE ROSA MATOS</logger>
  <level>FINE</level>
  <message>File 116110214-ANDRE ROSA MATOS.zip was received. It was sent by ANDRE ROSA MATOS from IP 150.165.42.149</message>
</record>
</log>
<?xml version="1.0" encoding="UTF-8" standalone="no"?>
<!DOCTYPE log SYSTEM "logger.dtd">
<log>
<record>
  <date>2018-02-08T00:44:23.809-0300</date>
  <logger>ANDRE ROSA MATOS</logger>
  <level>FINE</level>
  <message>File 116110214-ANDRE ROSA MATOS.zip was received. It was sent by ANDRE ROSA MATOS from IP 192.168.15.3</message>
</record>
</log>
<?xml version="1.0" encoding="UTF-8" standalone="no"?>
<!DOCTYPE log SYSTEM "logger.dtd">
<log>
<record>
  <date>2018-02-08T00:44:48.237-0300</date>
  <logger>ANDRE ROSA MATOS</logger>
  <level>FINE</level>
  <message>File 116110214-ANDRE ROSA MATOS.zip was received. It was sent by ANDRE ROSA MATOS from IP 192.168.15.3</message>
</record>
</log>
<?xml version="1.0" encoding="UTF-8" standalone="no"?>
<!DOCTYPE log SYSTEM "logger.dtd">
<log>
<record>
  <date>2018-02-08T00:47:00.453-0300</date>
  <logger>ANDRE ROSA MATOS</logger>
  <level>FINE</level>
  <message>File 116110214-ANDRE ROSA MATOS.zip was received. It was sent by ANDRE ROSA MATOS from IP 192.168.15.3</message>
</record>
